<?xml version="1.0" encoding="UTF-8"?><testsuite errors="2" failures="0" name="Lookup a definition" skipped="0" tests="2" time="105.2" timestamp="2017-06-164 11:19:55"><testcase name="Looking up the definition of 'apple'"><error message="Could not instantiate new webdriver instance of type class org.openqa.selenium.firefox.FirefoxDriver (Failed to connect to binary FirefoxBinary(C:\Program Files (x86)\Mozilla Firefox\firefox.exe) on port 7055; process output follows: &#10;&quot;userDisabled&quot;:false,&quot;appDisabled&quot;:false,&quot;descriptor&quot;:&quot;C:\\Program Files (x86)\\Mozilla Firefox\\browser\\extensions\\{972ce4c6-7e08-4474-a285-3208198ce6fd}.xpi&quot;,&quot;installDate&quot;:1495380645549,&quot;updateDate&quot;:1495380645549,&quot;applyBackgroundUpdates&quot;:1,&quot;skinnable&quot;:true,&quot;size&quot;:8207,&quot;sourceURI&quot;:null,&quot;releaseNotesURI&quot;:null,&quot;softDisabled&quot;:false,&quot;foreignInstall&quot;:false,&quot;hasBinaryComponents&quot;:false,&quot;strictCompatibility&quot;:true,&quot;locales&quot;:[],&quot;targetApplications&quot;:[{&quot;id&quot;:&quot;{ec8030f7-c20a-464f-9b0e-13a3a9e97384}&quot;,&quot;minVersion&quot;:&quot;53.0.3&quot;,&quot;maxVersion&quot;:&quot;53.0.3&quot;}],&quot;targetPlatforms&quot;:[],&quot;seen&quot;:true,&quot;dependencies&quot;:[],&quot;hasEmbeddedWebExtension&quot;:false,&quot;userPermissions&quot;:null}&#13;&#10;1497414010457&#9;addons.xpi&#9;DEBUG&#9;getModTime: Recursive scan of {972ce4c6-7e08-4474-a285-3208198ce6fd}&#13;&#10;1497414010458&#9;DeferredSave.extensions.json&#9;DEBUG&#9;Save changes&#13;&#10;1497414010458&#9;addons.xpi&#9;DEBUG&#9;Updating database with changes to installed add-ons&#13;&#10;1497414010458&#9;addons.xpi-utils&#9;DEBUG&#9;Updating add-on states&#13;&#10;1497414010459&#9;addons.xpi-utils&#9;DEBUG&#9;Writing add-ons list&#13;&#10;1497414010468&#9;addons.xpi&#9;DEBUG&#9;Registering manifest for C:\Program Files (x86)\Mozilla Firefox\browser\features\aushelper@mozilla.org.xpi&#13;&#10;1497414010469&#9;addons.xpi&#9;DEBUG&#9;Calling bootstrap method startup on aushelper@mozilla.org version 2.0&#13;&#10;1497414010471&#9;addons.xpi&#9;DEBUG&#9;Registering manifest for C:\Program Files (x86)\Mozilla Firefox\browser\features\e10srollout@mozilla.org.xpi&#13;&#10;1497414010472&#9;addons.xpi&#9;DEBUG&#9;Calling bootstrap method startup on e10srollout@mozilla.org version 1.14&#13;&#10;1497414010472&#9;addons.xpi&#9;DEBUG&#9;Registering manifest for C:\Program Files (x86)\Mozilla Firefox\browser\features\firefox@getpocket.com.xpi&#13;&#10;1497414010473&#9;addons.xpi&#9;DEBUG&#9;Calling bootstrap method startup on firefox@getpocket.com version 1.0.5&#13;&#10;1497414010474&#9;addons.xpi&#9;DEBUG&#9;Registering manifest for C:\Program Files (x86)\Mozilla Firefox\browser\features\webcompat@mozilla.org.xpi&#13;&#10;1497414010475&#9;addons.xpi&#9;DEBUG&#9;Calling bootstrap method startup on webcompat@mozilla.org version 1.0&#13;&#10;1497414010477&#9;addons.manager&#9;DEBUG&#9;Registering shutdown blocker for XPIProvider&#13;&#10;1497414010478&#9;addons.manager&#9;DEBUG&#9;Provider finished startup: XPIProvider&#13;&#10;1497414010478&#9;addons.manager&#9;DEBUG&#9;Starting provider: LightweightThemeManager&#13;&#10;1497414010478&#9;addons.manager&#9;DEBUG&#9;Registering shutdown blocker for LightweightThemeManager&#13;&#10;1497414010478&#9;addons.manager&#9;DEBUG&#9;Provider finished startup: LightweightThemeManager&#13;&#10;1497414010479&#9;addons.manager&#9;DEBUG&#9;Starting provider: GMPProvider&#13;&#10;1497414010483&#9;addons.manager&#9;DEBUG&#9;Registering shutdown blocker for GMPProvider&#13;&#10;1497414010483&#9;addons.manager&#9;DEBUG&#9;Provider finished startup: GMPProvider&#13;&#10;1497414010483&#9;addons.manager&#9;DEBUG&#9;Starting provider: PluginProvider&#13;&#10;1497414010483&#9;addons.manager&#9;DEBUG&#9;Registering shutdown blocker for PluginProvider&#13;&#10;1497414010484&#9;addons.manager&#9;DEBUG&#9;Provider finished startup: PluginProvider&#13;&#10;1497414010484&#9;addons.manager&#9;DEBUG&#9;Completed startup sequence&#13;&#10;1497414015215&#9;addons.manager&#9;DEBUG&#9;Starting provider: &lt;unnamed-provider&gt;&#13;&#10;1497414015215&#9;addons.manager&#9;DEBUG&#9;Registering shutdown blocker for &lt;unnamed-provider&gt;&#13;&#10;1497414015215&#9;addons.manager&#9;DEBUG&#9;Provider finished startup: &lt;unnamed-provider&gt;&#13;&#10;1497414016280&#9;DeferredSave.extensions.json&#9;DEBUG&#9;Write succeeded&#13;&#10;1497414016280&#9;addons.xpi-utils&#9;DEBUG&#9;XPI Database saved, setting schema version preference to 19&#13;&#10;1497414016280&#9;DeferredSave.extensions.json&#9;DEBUG&#9;Starting timer&#13;&#10;1497414016299&#9;addons.repository&#9;DEBUG&#9;No addons.json found.&#13;&#10;1497414016299&#9;DeferredSave.addons.json&#9;DEBUG&#9;Save changes&#13;&#10;1497414016328&#9;DeferredSave.addons.json&#9;DEBUG&#9;Starting timer&#13;&#10;1497414018378&#9;addons.manager&#9;DEBUG&#9;Starting provider: PreviousExperimentProvider&#13;&#10;1497414018379&#9;addons.manager&#9;DEBUG&#9;Registering shutdown blocker for PreviousExperimentProvider&#13;&#10;1497414018379&#9;addons.manager&#9;DEBUG&#9;Provider finished startup: PreviousExperimentProvider&#13;&#10;1497414018382&#9;DeferredSave.extensions.json&#9;DEBUG&#9;Starting write&#13;&#10;1497414018383&#9;DeferredSave.addons.json&#9;DEBUG&#9;Starting write&#13;&#10;1497414018915&#9;DeferredSave.extensions.json&#9;DEBUG&#9;Write succeeded&#13;&#10;1497414019056&#9;DeferredSave.addons.json&#9;DEBUG&#9;Write succeeded&#13;&#10;&#10;Build info: version: '2.53.1', revision: 'a36b8b1cd5757287168e54b817830adce9b0158d', time: '2016-06-30 19:26:09'&#10;System info: host: 'DESKTOP-FBGLEMR', ip: '192.168.1.238', os.name: 'Windows 10', os.arch: 'amd64', os.version: '10.0', java.version: '1.8.0_73'&#10;Driver info: driver.version: FirefoxDriver" type="net.thucydides.core.webdriver.UnsupportedDriverException">Could not instantiate new webdriver instance of type class org.openqa.selenium.firefox.FirefoxDriver (Failed to connect to binary FirefoxBinary(C:\Program Files (x86)\Mozilla Firefox\firefox.exe) on port 7055; process output follows: 
"userDisabled":false,"appDisabled":false,"descriptor":"C:\\Program Files (x86)\\Mozilla Firefox\\browser\\extensions\\{972ce4c6-7e08-4474-a285-3208198ce6fd}.xpi","installDate":1495380645549,"updateDate":1495380645549,"applyBackgroundUpdates":1,"skinnable":true,"size":8207,"sourceURI":null,"releaseNotesURI":null,"softDisabled":false,"foreignInstall":false,"hasBinaryComponents":false,"strictCompatibility":true,"locales":[],"targetApplications":[{"id":"{ec8030f7-c20a-464f-9b0e-13a3a9e97384}","minVersion":"53.0.3","maxVersion":"53.0.3"}],"targetPlatforms":[],"seen":true,"dependencies":[],"hasEmbeddedWebExtension":false,"userPermissions":null}&#13;
1497414010457	addons.xpi	DEBUG	getModTime: Recursive scan of {972ce4c6-7e08-4474-a285-3208198ce6fd}&#13;
1497414010458	DeferredSave.extensions.json	DEBUG	Save changes&#13;
1497414010458	addons.xpi	DEBUG	Updating database with changes to installed add-ons&#13;
1497414010458	addons.xpi-utils	DEBUG	Updating add-on states&#13;
1497414010459	addons.xpi-utils	DEBUG	Writing add-ons list&#13;
1497414010468	addons.xpi	DEBUG	Registering manifest for C:\Program Files (x86)\Mozilla Firefox\browser\features\aushelper@mozilla.org.xpi&#13;
1497414010469	addons.xpi	DEBUG	Calling bootstrap method startup on aushelper@mozilla.org version 2.0&#13;
1497414010471	addons.xpi	DEBUG	Registering manifest for C:\Program Files (x86)\Mozilla Firefox\browser\features\e10srollout@mozilla.org.xpi&#13;
1497414010472	addons.xpi	DEBUG	Calling bootstrap method startup on e10srollout@mozilla.org version 1.14&#13;
1497414010472	addons.xpi	DEBUG	Registering manifest for C:\Program Files (x86)\Mozilla Firefox\browser\features\firefox@getpocket.com.xpi&#13;
1497414010473	addons.xpi	DEBUG	Calling bootstrap method startup on firefox@getpocket.com version 1.0.5&#13;
1497414010474	addons.xpi	DEBUG	Registering manifest for C:\Program Files (x86)\Mozilla Firefox\browser\features\webcompat@mozilla.org.xpi&#13;
1497414010475	addons.xpi	DEBUG	Calling bootstrap method startup on webcompat@mozilla.org version 1.0&#13;
1497414010477	addons.manager	DEBUG	Registering shutdown blocker for XPIProvider&#13;
1497414010478	addons.manager	DEBUG	Provider finished startup: XPIProvider&#13;
1497414010478	addons.manager	DEBUG	Starting provider: LightweightThemeManager&#13;
1497414010478	addons.manager	DEBUG	Registering shutdown blocker for LightweightThemeManager&#13;
1497414010478	addons.manager	DEBUG	Provider finished startup: LightweightThemeManager&#13;
1497414010479	addons.manager	DEBUG	Starting provider: GMPProvider&#13;
1497414010483	addons.manager	DEBUG	Registering shutdown blocker for GMPProvider&#13;
1497414010483	addons.manager	DEBUG	Provider finished startup: GMPProvider&#13;
1497414010483	addons.manager	DEBUG	Starting provider: PluginProvider&#13;
1497414010483	addons.manager	DEBUG	Registering shutdown blocker for PluginProvider&#13;
1497414010484	addons.manager	DEBUG	Provider finished startup: PluginProvider&#13;
1497414010484	addons.manager	DEBUG	Completed startup sequence&#13;
1497414015215	addons.manager	DEBUG	Starting provider: &lt;unnamed-provider&gt;&#13;
1497414015215	addons.manager	DEBUG	Registering shutdown blocker for &lt;unnamed-provider&gt;&#13;
1497414015215	addons.manager	DEBUG	Provider finished startup: &lt;unnamed-provider&gt;&#13;
1497414016280	DeferredSave.extensions.json	DEBUG	Write succeeded&#13;
1497414016280	addons.xpi-utils	DEBUG	XPI Database saved, setting schema version preference to 19&#13;
1497414016280	DeferredSave.extensions.json	DEBUG	Starting timer&#13;
1497414016299	addons.repository	DEBUG	No addons.json found.&#13;
1497414016299	DeferredSave.addons.json	DEBUG	Save changes&#13;
1497414016328	DeferredSave.addons.json	DEBUG	Starting timer&#13;
1497414018378	addons.manager	DEBUG	Starting provider: PreviousExperimentProvider&#13;
1497414018379	addons.manager	DEBUG	Registering shutdown blocker for PreviousExperimentProvider&#13;
1497414018379	addons.manager	DEBUG	Provider finished startup: PreviousExperimentProvider&#13;
1497414018382	DeferredSave.extensions.json	DEBUG	Starting write&#13;
1497414018383	DeferredSave.addons.json	DEBUG	Starting write&#13;
1497414018915	DeferredSave.extensions.json	DEBUG	Write succeeded&#13;
1497414019056	DeferredSave.addons.json	DEBUG	Write succeeded&#13;

Build info: version: '2.53.1', revision: 'a36b8b1cd5757287168e54b817830adce9b0158d', time: '2016-06-30 19:26:09'
System info: host: 'DESKTOP-FBGLEMR', ip: '192.168.1.238', os.name: 'Windows 10', os.arch: 'amd64', os.version: '10.0', java.version: '1.8.0_73'
Driver info: driver.version: FirefoxDriver</error><system-err>Could not instantiate new webdriver instance of type class org.openqa.selenium.firefox.FirefoxDriver (Failed to connect to binary FirefoxBinary(C:\Program Files (x86)\Mozilla Firefox\firefox.exe) on port 7055; process output follows: 
"userDisabled":false,"appDisabled":false,"descriptor":"C:\\Program Files (x86)\\Mozilla Firefox\\browser\\extensions\\{972ce4c6-7e08-4474-a285-3208198ce6fd}.xpi","installDate":1495380645549,"updateDate":1495380645549,"applyBackgroundUpdates":1,"skinnable":true,"size":8207,"sourceURI":null,"releaseNotesURI":null,"softDisabled":false,"foreignInstall":false,"hasBinaryComponents":false,"strictCompatibility":true,"locales":[],"targetApplications":[{"id":"{ec8030f7-c20a-464f-9b0e-13a3a9e97384}","minVersion":"53.0.3","maxVersion":"53.0.3"}],"targetPlatforms":[],"seen":true,"dependencies":[],"hasEmbeddedWebExtension":false,"userPermissions":null}&#13;
1497414010457	addons.xpi	DEBUG	getModTime: Recursive scan of {972ce4c6-7e08-4474-a285-3208198ce6fd}&#13;
1497414010458	DeferredSave.extensions.json	DEBUG	Save changes&#13;
1497414010458	addons.xpi	DEBUG	Updating database with changes to installed add-ons&#13;
1497414010458	addons.xpi-utils	DEBUG	Updating add-on states&#13;
1497414010459	addons.xpi-utils	DEBUG	Writing add-ons list&#13;
1497414010468	addons.xpi	DEBUG	Registering manifest for C:\Program Files (x86)\Mozilla Firefox\browser\features\aushelper@mozilla.org.xpi&#13;
1497414010469	addons.xpi	DEBUG	Calling bootstrap method startup on aushelper@mozilla.org version 2.0&#13;
1497414010471	addons.xpi	DEBUG	Registering manifest for C:\Program Files (x86)\Mozilla Firefox\browser\features\e10srollout@mozilla.org.xpi&#13;
1497414010472	addons.xpi	DEBUG	Calling bootstrap method startup on e10srollout@mozilla.org version 1.14&#13;
1497414010472	addons.xpi	DEBUG	Registering manifest for C:\Program Files (x86)\Mozilla Firefox\browser\features\firefox@getpocket.com.xpi&#13;
1497414010473	addons.xpi	DEBUG	Calling bootstrap method startup on firefox@getpocket.com version 1.0.5&#13;
1497414010474	addons.xpi	DEBUG	Registering manifest for C:\Program Files (x86)\Mozilla Firefox\browser\features\webcompat@mozilla.org.xpi&#13;
1497414010475	addons.xpi	DEBUG	Calling bootstrap method startup on webcompat@mozilla.org version 1.0&#13;
1497414010477	addons.manager	DEBUG	Registering shutdown blocker for XPIProvider&#13;
1497414010478	addons.manager	DEBUG	Provider finished startup: XPIProvider&#13;
1497414010478	addons.manager	DEBUG	Starting provider: LightweightThemeManager&#13;
1497414010478	addons.manager	DEBUG	Registering shutdown blocker for LightweightThemeManager&#13;
1497414010478	addons.manager	DEBUG	Provider finished startup: LightweightThemeManager&#13;
1497414010479	addons.manager	DEBUG	Starting provider: GMPProvider&#13;
1497414010483	addons.manager	DEBUG	Registering shutdown blocker for GMPProvider&#13;
1497414010483	addons.manager	DEBUG	Provider finished startup: GMPProvider&#13;
1497414010483	addons.manager	DEBUG	Starting provider: PluginProvider&#13;
1497414010483	addons.manager	DEBUG	Registering shutdown blocker for PluginProvider&#13;
1497414010484	addons.manager	DEBUG	Provider finished startup: PluginProvider&#13;
1497414010484	addons.manager	DEBUG	Completed startup sequence&#13;
1497414015215	addons.manager	DEBUG	Starting provider: &lt;unnamed-provider&gt;&#13;
1497414015215	addons.manager	DEBUG	Registering shutdown blocker for &lt;unnamed-provider&gt;&#13;
1497414015215	addons.manager	DEBUG	Provider finished startup: &lt;unnamed-provider&gt;&#13;
1497414016280	DeferredSave.extensions.json	DEBUG	Write succeeded&#13;
1497414016280	addons.xpi-utils	DEBUG	XPI Database saved, setting schema version preference to 19&#13;
1497414016280	DeferredSave.extensions.json	DEBUG	Starting timer&#13;
1497414016299	addons.repository	DEBUG	No addons.json found.&#13;
1497414016299	DeferredSave.addons.json	DEBUG	Save changes&#13;
1497414016328	DeferredSave.addons.json	DEBUG	Starting timer&#13;
1497414018378	addons.manager	DEBUG	Starting provider: PreviousExperimentProvider&#13;
1497414018379	addons.manager	DEBUG	Registering shutdown blocker for PreviousExperimentProvider&#13;
1497414018379	addons.manager	DEBUG	Provider finished startup: PreviousExperimentProvider&#13;
1497414018382	DeferredSave.extensions.json	DEBUG	Starting write&#13;
1497414018383	DeferredSave.addons.json	DEBUG	Starting write&#13;
1497414018915	DeferredSave.extensions.json	DEBUG	Write succeeded&#13;
1497414019056	DeferredSave.addons.json	DEBUG	Write succeeded&#13;

Build info: version: '2.53.1', revision: 'a36b8b1cd5757287168e54b817830adce9b0158d', time: '2016-06-30 19:26:09'
System info: host: 'DESKTOP-FBGLEMR', ip: '192.168.1.238', os.name: 'Windows 10', os.arch: 'amd64', os.version: '10.0', java.version: '1.8.0_73'
Driver info: driver.version: FirefoxDriver&#13;
realEstate.steps.serenity.EndUserSteps.is_the_home_page(EndUserSteps.java:32)&#13;
realEstate.steps.DefinitionSteps.givenTheUserIsOnTheWikionaryHomePage(DefinitionSteps.java:17)&#13;
</system-err></testcase><testcase name="Looking up the definition of 'pear'"><error message="Could not instantiate new webdriver instance of type class org.openqa.selenium.firefox.FirefoxDriver (Failed to connect to binary FirefoxBinary(C:\Program Files (x86)\Mozilla Firefox\firefox.exe) on port 7055; process output follows: &#10;&quot;userDisabled&quot;:false,&quot;appDisabled&quot;:false,&quot;descriptor&quot;:&quot;C:\\Program Files (x86)\\Mozilla Firefox\\browser\\extensions\\{972ce4c6-7e08-4474-a285-3208198ce6fd}.xpi&quot;,&quot;installDate&quot;:1495380645549,&quot;updateDate&quot;:1495380645549,&quot;applyBackgroundUpdates&quot;:1,&quot;skinnable&quot;:true,&quot;size&quot;:8207,&quot;sourceURI&quot;:null,&quot;releaseNotesURI&quot;:null,&quot;softDisabled&quot;:false,&quot;foreignInstall&quot;:false,&quot;hasBinaryComponents&quot;:false,&quot;strictCompatibility&quot;:true,&quot;locales&quot;:[],&quot;targetApplications&quot;:[{&quot;id&quot;:&quot;{ec8030f7-c20a-464f-9b0e-13a3a9e97384}&quot;,&quot;minVersion&quot;:&quot;53.0.3&quot;,&quot;maxVersion&quot;:&quot;53.0.3&quot;}],&quot;targetPlatforms&quot;:[],&quot;seen&quot;:true,&quot;dependencies&quot;:[],&quot;hasEmbeddedWebExtension&quot;:false,&quot;userPermissions&quot;:null}&#13;&#10;1497414074179&#9;addons.xpi&#9;DEBUG&#9;getModTime: Recursive scan of {972ce4c6-7e08-4474-a285-3208198ce6fd}&#13;&#10;1497414074180&#9;DeferredSave.extensions.json&#9;DEBUG&#9;Save changes&#13;&#10;1497414074180&#9;addons.xpi&#9;DEBUG&#9;Updating database with changes to installed add-ons&#13;&#10;1497414074180&#9;addons.xpi-utils&#9;DEBUG&#9;Updating add-on states&#13;&#10;1497414074181&#9;addons.xpi-utils&#9;DEBUG&#9;Writing add-ons list&#13;&#10;1497414074186&#9;addons.xpi&#9;DEBUG&#9;Registering manifest for C:\Program Files (x86)\Mozilla Firefox\browser\features\aushelper@mozilla.org.xpi&#13;&#10;1497414074186&#9;addons.xpi&#9;DEBUG&#9;Calling bootstrap method startup on aushelper@mozilla.org version 2.0&#13;&#10;1497414074188&#9;addons.xpi&#9;DEBUG&#9;Registering manifest for C:\Program Files (x86)\Mozilla Firefox\browser\features\e10srollout@mozilla.org.xpi&#13;&#10;1497414074190&#9;addons.xpi&#9;DEBUG&#9;Calling bootstrap method startup on e10srollout@mozilla.org version 1.14&#13;&#10;1497414074191&#9;addons.xpi&#9;DEBUG&#9;Registering manifest for C:\Program Files (x86)\Mozilla Firefox\browser\features\firefox@getpocket.com.xpi&#13;&#10;1497414074192&#9;addons.xpi&#9;DEBUG&#9;Calling bootstrap method startup on firefox@getpocket.com version 1.0.5&#13;&#10;1497414074194&#9;addons.xpi&#9;DEBUG&#9;Registering manifest for C:\Program Files (x86)\Mozilla Firefox\browser\features\webcompat@mozilla.org.xpi&#13;&#10;1497414074195&#9;addons.xpi&#9;DEBUG&#9;Calling bootstrap method startup on webcompat@mozilla.org version 1.0&#13;&#10;1497414074200&#9;addons.manager&#9;DEBUG&#9;Registering shutdown blocker for XPIProvider&#13;&#10;1497414074201&#9;addons.manager&#9;DEBUG&#9;Provider finished startup: XPIProvider&#13;&#10;1497414074201&#9;addons.manager&#9;DEBUG&#9;Starting provider: LightweightThemeManager&#13;&#10;1497414074201&#9;addons.manager&#9;DEBUG&#9;Registering shutdown blocker for LightweightThemeManager&#13;&#10;1497414074201&#9;addons.manager&#9;DEBUG&#9;Provider finished startup: LightweightThemeManager&#13;&#10;1497414074202&#9;addons.manager&#9;DEBUG&#9;Starting provider: GMPProvider&#13;&#10;1497414074209&#9;addons.manager&#9;DEBUG&#9;Registering shutdown blocker for GMPProvider&#13;&#10;1497414074209&#9;addons.manager&#9;DEBUG&#9;Provider finished startup: GMPProvider&#13;&#10;1497414074209&#9;addons.manager&#9;DEBUG&#9;Starting provider: PluginProvider&#13;&#10;1497414074209&#9;addons.manager&#9;DEBUG&#9;Registering shutdown blocker for PluginProvider&#13;&#10;1497414074209&#9;addons.manager&#9;DEBUG&#9;Provider finished startup: PluginProvider&#13;&#10;1497414074210&#9;addons.manager&#9;DEBUG&#9;Completed startup sequence&#13;&#10;1497414079505&#9;addons.manager&#9;DEBUG&#9;Starting provider: &lt;unnamed-provider&gt;&#13;&#10;1497414079505&#9;addons.manager&#9;DEBUG&#9;Registering shutdown blocker for &lt;unnamed-provider&gt;&#13;&#10;1497414079505&#9;addons.manager&#9;DEBUG&#9;Provider finished startup: &lt;unnamed-provider&gt;&#13;&#10;1497414079763&#9;DeferredSave.extensions.json&#9;DEBUG&#9;Write succeeded&#13;&#10;1497414079763&#9;addons.xpi-utils&#9;DEBUG&#9;XPI Database saved, setting schema version preference to 19&#13;&#10;1497414079763&#9;DeferredSave.extensions.json&#9;DEBUG&#9;Starting timer&#13;&#10;1497414079785&#9;DeferredSave.extensions.json&#9;DEBUG&#9;Starting write&#13;&#10;1497414079792&#9;addons.repository&#9;DEBUG&#9;No addons.json found.&#13;&#10;1497414079792&#9;DeferredSave.addons.json&#9;DEBUG&#9;Save changes&#13;&#10;1497414079795&#9;DeferredSave.addons.json&#9;DEBUG&#9;Starting timer&#13;&#10;1497414079880&#9;addons.manager&#9;DEBUG&#9;Starting provider: PreviousExperimentProvider&#13;&#10;1497414079881&#9;addons.manager&#9;DEBUG&#9;Registering shutdown blocker for PreviousExperimentProvider&#13;&#10;1497414079881&#9;addons.manager&#9;DEBUG&#9;Provider finished startup: PreviousExperimentProvider&#13;&#10;1497414079883&#9;DeferredSave.addons.json&#9;DEBUG&#9;Starting write&#13;&#10;1497414079906&#9;DeferredSave.extensions.json&#9;DEBUG&#9;Write succeeded&#13;&#10;1497414079940&#9;DeferredSave.addons.json&#9;DEBUG&#9;Write succeeded&#13;&#10;&#10;Build info: version: '2.53.1', revision: 'a36b8b1cd5757287168e54b817830adce9b0158d', time: '2016-06-30 19:26:09'&#10;System info: host: 'DESKTOP-FBGLEMR', ip: '192.168.1.238', os.name: 'Windows 10', os.arch: 'amd64', os.version: '10.0', java.version: '1.8.0_73'&#10;Driver info: driver.version: FirefoxDriver" type="net.thucydides.core.webdriver.UnsupportedDriverException">Could not instantiate new webdriver instance of type class org.openqa.selenium.firefox.FirefoxDriver (Failed to connect to binary FirefoxBinary(C:\Program Files (x86)\Mozilla Firefox\firefox.exe) on port 7055; process output follows: 
"userDisabled":false,"appDisabled":false,"descriptor":"C:\\Program Files (x86)\\Mozilla Firefox\\browser\\extensions\\{972ce4c6-7e08-4474-a285-3208198ce6fd}.xpi","installDate":1495380645549,"updateDate":1495380645549,"applyBackgroundUpdates":1,"skinnable":true,"size":8207,"sourceURI":null,"releaseNotesURI":null,"softDisabled":false,"foreignInstall":false,"hasBinaryComponents":false,"strictCompatibility":true,"locales":[],"targetApplications":[{"id":"{ec8030f7-c20a-464f-9b0e-13a3a9e97384}","minVersion":"53.0.3","maxVersion":"53.0.3"}],"targetPlatforms":[],"seen":true,"dependencies":[],"hasEmbeddedWebExtension":false,"userPermissions":null}&#13;
1497414074179	addons.xpi	DEBUG	getModTime: Recursive scan of {972ce4c6-7e08-4474-a285-3208198ce6fd}&#13;
1497414074180	DeferredSave.extensions.json	DEBUG	Save changes&#13;
1497414074180	addons.xpi	DEBUG	Updating database with changes to installed add-ons&#13;
1497414074180	addons.xpi-utils	DEBUG	Updating add-on states&#13;
1497414074181	addons.xpi-utils	DEBUG	Writing add-ons list&#13;
1497414074186	addons.xpi	DEBUG	Registering manifest for C:\Program Files (x86)\Mozilla Firefox\browser\features\aushelper@mozilla.org.xpi&#13;
1497414074186	addons.xpi	DEBUG	Calling bootstrap method startup on aushelper@mozilla.org version 2.0&#13;
1497414074188	addons.xpi	DEBUG	Registering manifest for C:\Program Files (x86)\Mozilla Firefox\browser\features\e10srollout@mozilla.org.xpi&#13;
1497414074190	addons.xpi	DEBUG	Calling bootstrap method startup on e10srollout@mozilla.org version 1.14&#13;
1497414074191	addons.xpi	DEBUG	Registering manifest for C:\Program Files (x86)\Mozilla Firefox\browser\features\firefox@getpocket.com.xpi&#13;
1497414074192	addons.xpi	DEBUG	Calling bootstrap method startup on firefox@getpocket.com version 1.0.5&#13;
1497414074194	addons.xpi	DEBUG	Registering manifest for C:\Program Files (x86)\Mozilla Firefox\browser\features\webcompat@mozilla.org.xpi&#13;
1497414074195	addons.xpi	DEBUG	Calling bootstrap method startup on webcompat@mozilla.org version 1.0&#13;
1497414074200	addons.manager	DEBUG	Registering shutdown blocker for XPIProvider&#13;
1497414074201	addons.manager	DEBUG	Provider finished startup: XPIProvider&#13;
1497414074201	addons.manager	DEBUG	Starting provider: LightweightThemeManager&#13;
1497414074201	addons.manager	DEBUG	Registering shutdown blocker for LightweightThemeManager&#13;
1497414074201	addons.manager	DEBUG	Provider finished startup: LightweightThemeManager&#13;
1497414074202	addons.manager	DEBUG	Starting provider: GMPProvider&#13;
1497414074209	addons.manager	DEBUG	Registering shutdown blocker for GMPProvider&#13;
1497414074209	addons.manager	DEBUG	Provider finished startup: GMPProvider&#13;
1497414074209	addons.manager	DEBUG	Starting provider: PluginProvider&#13;
1497414074209	addons.manager	DEBUG	Registering shutdown blocker for PluginProvider&#13;
1497414074209	addons.manager	DEBUG	Provider finished startup: PluginProvider&#13;
1497414074210	addons.manager	DEBUG	Completed startup sequence&#13;
1497414079505	addons.manager	DEBUG	Starting provider: &lt;unnamed-provider&gt;&#13;
1497414079505	addons.manager	DEBUG	Registering shutdown blocker for &lt;unnamed-provider&gt;&#13;
1497414079505	addons.manager	DEBUG	Provider finished startup: &lt;unnamed-provider&gt;&#13;
1497414079763	DeferredSave.extensions.json	DEBUG	Write succeeded&#13;
1497414079763	addons.xpi-utils	DEBUG	XPI Database saved, setting schema version preference to 19&#13;
1497414079763	DeferredSave.extensions.json	DEBUG	Starting timer&#13;
1497414079785	DeferredSave.extensions.json	DEBUG	Starting write&#13;
1497414079792	addons.repository	DEBUG	No addons.json found.&#13;
1497414079792	DeferredSave.addons.json	DEBUG	Save changes&#13;
1497414079795	DeferredSave.addons.json	DEBUG	Starting timer&#13;
1497414079880	addons.manager	DEBUG	Starting provider: PreviousExperimentProvider&#13;
1497414079881	addons.manager	DEBUG	Registering shutdown blocker for PreviousExperimentProvider&#13;
1497414079881	addons.manager	DEBUG	Provider finished startup: PreviousExperimentProvider&#13;
1497414079883	DeferredSave.addons.json	DEBUG	Starting write&#13;
1497414079906	DeferredSave.extensions.json	DEBUG	Write succeeded&#13;
1497414079940	DeferredSave.addons.json	DEBUG	Write succeeded&#13;

Build info: version: '2.53.1', revision: 'a36b8b1cd5757287168e54b817830adce9b0158d', time: '2016-06-30 19:26:09'
System info: host: 'DESKTOP-FBGLEMR', ip: '192.168.1.238', os.name: 'Windows 10', os.arch: 'amd64', os.version: '10.0', java.version: '1.8.0_73'
Driver info: driver.version: FirefoxDriver</error><system-err>Could not instantiate new webdriver instance of type class org.openqa.selenium.firefox.FirefoxDriver (Failed to connect to binary FirefoxBinary(C:\Program Files (x86)\Mozilla Firefox\firefox.exe) on port 7055; process output follows: 
"userDisabled":false,"appDisabled":false,"descriptor":"C:\\Program Files (x86)\\Mozilla Firefox\\browser\\extensions\\{972ce4c6-7e08-4474-a285-3208198ce6fd}.xpi","installDate":1495380645549,"updateDate":1495380645549,"applyBackgroundUpdates":1,"skinnable":true,"size":8207,"sourceURI":null,"releaseNotesURI":null,"softDisabled":false,"foreignInstall":false,"hasBinaryComponents":false,"strictCompatibility":true,"locales":[],"targetApplications":[{"id":"{ec8030f7-c20a-464f-9b0e-13a3a9e97384}","minVersion":"53.0.3","maxVersion":"53.0.3"}],"targetPlatforms":[],"seen":true,"dependencies":[],"hasEmbeddedWebExtension":false,"userPermissions":null}&#13;
1497414074179	addons.xpi	DEBUG	getModTime: Recursive scan of {972ce4c6-7e08-4474-a285-3208198ce6fd}&#13;
1497414074180	DeferredSave.extensions.json	DEBUG	Save changes&#13;
1497414074180	addons.xpi	DEBUG	Updating database with changes to installed add-ons&#13;
1497414074180	addons.xpi-utils	DEBUG	Updating add-on states&#13;
1497414074181	addons.xpi-utils	DEBUG	Writing add-ons list&#13;
1497414074186	addons.xpi	DEBUG	Registering manifest for C:\Program Files (x86)\Mozilla Firefox\browser\features\aushelper@mozilla.org.xpi&#13;
1497414074186	addons.xpi	DEBUG	Calling bootstrap method startup on aushelper@mozilla.org version 2.0&#13;
1497414074188	addons.xpi	DEBUG	Registering manifest for C:\Program Files (x86)\Mozilla Firefox\browser\features\e10srollout@mozilla.org.xpi&#13;
1497414074190	addons.xpi	DEBUG	Calling bootstrap method startup on e10srollout@mozilla.org version 1.14&#13;
1497414074191	addons.xpi	DEBUG	Registering manifest for C:\Program Files (x86)\Mozilla Firefox\browser\features\firefox@getpocket.com.xpi&#13;
1497414074192	addons.xpi	DEBUG	Calling bootstrap method startup on firefox@getpocket.com version 1.0.5&#13;
1497414074194	addons.xpi	DEBUG	Registering manifest for C:\Program Files (x86)\Mozilla Firefox\browser\features\webcompat@mozilla.org.xpi&#13;
1497414074195	addons.xpi	DEBUG	Calling bootstrap method startup on webcompat@mozilla.org version 1.0&#13;
1497414074200	addons.manager	DEBUG	Registering shutdown blocker for XPIProvider&#13;
1497414074201	addons.manager	DEBUG	Provider finished startup: XPIProvider&#13;
1497414074201	addons.manager	DEBUG	Starting provider: LightweightThemeManager&#13;
1497414074201	addons.manager	DEBUG	Registering shutdown blocker for LightweightThemeManager&#13;
1497414074201	addons.manager	DEBUG	Provider finished startup: LightweightThemeManager&#13;
1497414074202	addons.manager	DEBUG	Starting provider: GMPProvider&#13;
1497414074209	addons.manager	DEBUG	Registering shutdown blocker for GMPProvider&#13;
1497414074209	addons.manager	DEBUG	Provider finished startup: GMPProvider&#13;
1497414074209	addons.manager	DEBUG	Starting provider: PluginProvider&#13;
1497414074209	addons.manager	DEBUG	Registering shutdown blocker for PluginProvider&#13;
1497414074209	addons.manager	DEBUG	Provider finished startup: PluginProvider&#13;
1497414074210	addons.manager	DEBUG	Completed startup sequence&#13;
1497414079505	addons.manager	DEBUG	Starting provider: &lt;unnamed-provider&gt;&#13;
1497414079505	addons.manager	DEBUG	Registering shutdown blocker for &lt;unnamed-provider&gt;&#13;
1497414079505	addons.manager	DEBUG	Provider finished startup: &lt;unnamed-provider&gt;&#13;
1497414079763	DeferredSave.extensions.json	DEBUG	Write succeeded&#13;
1497414079763	addons.xpi-utils	DEBUG	XPI Database saved, setting schema version preference to 19&#13;
1497414079763	DeferredSave.extensions.json	DEBUG	Starting timer&#13;
1497414079785	DeferredSave.extensions.json	DEBUG	Starting write&#13;
1497414079792	addons.repository	DEBUG	No addons.json found.&#13;
1497414079792	DeferredSave.addons.json	DEBUG	Save changes&#13;
1497414079795	DeferredSave.addons.json	DEBUG	Starting timer&#13;
1497414079880	addons.manager	DEBUG	Starting provider: PreviousExperimentProvider&#13;
1497414079881	addons.manager	DEBUG	Registering shutdown blocker for PreviousExperimentProvider&#13;
1497414079881	addons.manager	DEBUG	Provider finished startup: PreviousExperimentProvider&#13;
1497414079883	DeferredSave.addons.json	DEBUG	Starting write&#13;
1497414079906	DeferredSave.extensions.json	DEBUG	Write succeeded&#13;
1497414079940	DeferredSave.addons.json	DEBUG	Write succeeded&#13;

Build info: version: '2.53.1', revision: 'a36b8b1cd5757287168e54b817830adce9b0158d', time: '2016-06-30 19:26:09'
System info: host: 'DESKTOP-FBGLEMR', ip: '192.168.1.238', os.name: 'Windows 10', os.arch: 'amd64', os.version: '10.0', java.version: '1.8.0_73'
Driver info: driver.version: FirefoxDriver&#13;
realEstate.steps.serenity.EndUserSteps.is_the_home_page(EndUserSteps.java:32)&#13;
realEstate.steps.DefinitionSteps.givenTheUserIsOnTheWikionaryHomePage(DefinitionSteps.java:17)&#13;
</system-err></testcase></testsuite>